DEBUG 2021-09-13 04:19:37.233 UTC: 	 CRAB Client version: v3.210825
DEBUG 2021-09-13 04:19:37.233 UTC: 	 Running on: Linux cms.knu.ac.kr 3.10.0-1160.36.2.el7.x86_64 #1 SMP Wed Jul 21 11:57:15 UTC 2021 x86_64 x86_64 x86_64 GNU/Linux - CentOS Linux 7 (Core)
DEBUG 2021-09-13 04:19:37.233 UTC: 	 Executing command: 'submit'
DEBUG 2021-09-13 04:19:37.242 UTC: 	 Found CRAB cache file /u/user/choij/.crab3
INFO 2021-09-13 04:19:37.295 UTC: 	 Will use CRAB configuration file crab_submit_skeleton.py
DEBUG 2021-09-13 04:19:37.295 UTC: 	 Loading CRAB configuration file.
DEBUG 2021-09-13 04:19:37.350 UTC: 	 Will use CRAB PrivateMC plugin (i.e. will run a MC generation job type).
DEBUG 2021-09-13 04:19:37.572 UTC: 	 Checking credentials
DEBUG 2021-09-13 04:19:37.573 UTC: 	 Found proxy file /tmp/x509up_u41148
DEBUG 2021-09-13 04:19:37.573 UTC: 	 Getting proxy life time left
DEBUG 2021-09-13 04:19:38.078 UTC: 	 Executing : 
 command : voms-proxy-info -file /tmp/x509up_u41148 -timeleft
 output : 604421

 error: 
 retcode : 0
DEBUG 2021-09-13 04:19:38.284 UTC: 	 Executing : 
 command : voms-proxy-info -file /tmp/x509up_u41148 -actimeleft
 output : 604421

 error: 
 retcode : 0
DEBUG 2021-09-13 04:19:38.284 UTC: 	 Proxy valid for 167:53:41 hours
DEBUG 2021-09-13 04:19:38.388 UTC: 	 Executing : 
 command : env X509_USER_PROXY=/tmp/x509up_u41148 voms-proxy-info -fqan
 output : /cms/Role=NULL/Capability=NULL

 error: 
 retcode : 0
DEBUG 2021-09-13 04:19:39.944 UTC: 	 Registering user credentials for server /DC=ch/DC=cern/OU=computers/CN=crab-(preprod|prod|dev)-tw(02|01).cern.ch|/DC=ch/DC=cern/OU=computers/CN=(ddi|ddidk|mytw).cern.ch|/DC=ch/DC=cern/OU=computers/CN=stefanov(m|m2).cern.ch
DEBUG 2021-09-13 04:19:40.056 UTC: 	 Executing : 
 command : voms-proxy-info -file /tmp/x509up_u41148 -identity
 output : /DC=ch/DC=cern/OU=Organic Units/OU=Users/CN=choij/CN=841389/CN=Jin Choi

 error: 
 retcode : 0
DEBUG 2021-09-13 04:19:40.065 UTC: 	 Getting myproxy life time left for myproxy.cern.ch
DEBUG 2021-09-13 04:19:40.065 UTC: 	 using 62145c27448958522230f1583fedca774537a25d as credential login name
DEBUG 2021-09-13 04:19:43.876 UTC: 	 Executing : 
 command : myproxy-info -l 62145c27448958522230f1583fedca774537a25d -s myproxy.cern.ch
 output : username: 62145c27448958522230f1583fedca774537a25d
owner: /DC=ch/DC=cern/OU=Organic Units/OU=Users/CN=choij/CN=841389/CN=Jin Choi
  renewal policy: /DC=ch/DC=cern/OU=computers/CN=crab-(preprod|prod|dev)-tw(02|01).cern.ch|/DC=ch/DC=cern/OU=computers/CN=(ddi|ddidk|mytw).cern.ch|/DC=ch/DC=cern/OU=computers/CN=stefanov(m|m2).cern.ch
  trusted retrieval policy: /DC=ch/DC=cern/OU=computers/CN=crab-(preprod|prod|dev)-tw(02|01).cern.ch|/DC=ch/DC=cern/OU=computers/CN=(ddi|ddidk|mytw).cern.ch|/DC=ch/DC=cern/OU=computers/CN=stefanov(m|m2).cern.ch
  timeleft: 0:00:00

 error: 
 retcode : 0
DEBUG 2021-09-13 04:19:43.878 UTC: 	 Myproxy is valid: 0
DEBUG 2021-09-13 04:19:43.982 UTC: 	 Executing : 
 command : openssl x509 -noout -in ~/.globus/usercert.pem -dates
 output : notBefore=Oct  6 11:36:08 2020 GMT
notAfter=Nov 10 11:36:08 2021 GMT

 error: 
 retcode : 0
DEBUG 2021-09-13 04:19:44.268 UTC: 	 Delegating a myproxy for 720:00 hours
DEBUG 2021-09-13 04:19:44.268 UTC: 	 using 62145c27448958522230f1583fedca774537a25d as credential login name
DEBUG 2021-09-13 04:20:08.342 UTC: 	 Executing : 
 command : export GT_PROXY_MODE=rfc ; myproxy-init -d -n -s myproxy.cern.ch -x -R '/DC=ch/DC=cern/OU=computers/CN=crab-(preprod|prod|dev)-tw(02|01).cern.ch|/DC=ch/DC=cern/OU=computers/CN=(ddi|ddidk|mytw).cern.ch|/DC=ch/DC=cern/OU=computers/CN=stefanov(m|m2).cern.ch' -x -Z '/DC=ch/DC=cern/OU=computers/CN=crab-(preprod|prod|dev)-tw(02|01).cern.ch|/DC=ch/DC=cern/OU=computers/CN=(ddi|ddidk|mytw).cern.ch|/DC=ch/DC=cern/OU=computers/CN=stefanov(m|m2).cern.ch' -l '62145c27448958522230f1583fedca774537a25d' -t 168:00 -c 720:00
 output : Your identity: /DC=ch/DC=cern/OU=Organic Units/OU=Users/CN=choij/CN=841389/CN=Jin Choi
Creating proxy .......................................................................................................................................................................................................................................................................................................... Done
Proxy Verify OK
Your proxy is valid until: Wed Oct 13 13:20:06 2021
A proxy valid for 720 hours (30.0 days) for user 62145c27448958522230f1583fedca774537a25d now exists on myproxy.cern.ch.

 error: 
 retcode : 0
DEBUG 2021-09-13 04:20:08.342 UTC: 	 using 62145c27448958522230f1583fedca774537a25d as credential login name
DEBUG 2021-09-13 04:20:10.272 UTC: 	 Executing : 
 command : myproxy-info -l 62145c27448958522230f1583fedca774537a25d -s myproxy.cern.ch
 output : username: 62145c27448958522230f1583fedca774537a25d
owner: /DC=ch/DC=cern/OU=Organic Units/OU=Users/CN=choij/CN=841389/CN=Jin Choi
  renewal policy: /DC=ch/DC=cern/OU=computers/CN=crab-(preprod|prod|dev)-tw(02|01).cern.ch|/DC=ch/DC=cern/OU=computers/CN=(ddi|ddidk|mytw).cern.ch|/DC=ch/DC=cern/OU=computers/CN=stefanov(m|m2).cern.ch
  trusted retrieval policy: /DC=ch/DC=cern/OU=computers/CN=crab-(preprod|prod|dev)-tw(02|01).cern.ch|/DC=ch/DC=cern/OU=computers/CN=(ddi|ddidk|mytw).cern.ch|/DC=ch/DC=cern/OU=computers/CN=stefanov(m|m2).cern.ch
  timeleft: 719:59:56  (30.0 days)

 error: 
 retcode : 0
DEBUG 2021-09-13 04:20:10.273 UTC: 	 My-proxy delegated.
DEBUG 2021-09-13 04:20:10.273 UTC: 	 Retrieving username ...
DEBUG 2021-09-13 04:20:10.273 UTC: 	 Retrieving username from CRIC...
DEBUG 2021-09-13 04:20:28.400 UTC: 	 username is choij
DEBUG 2021-09-13 04:20:28.408 UTC: 	 Getting myproxy life time left for myproxy.cern.ch
DEBUG 2021-09-13 04:20:28.408 UTC: 	 using choij_CRAB as credential login name
DEBUG 2021-09-13 04:20:30.316 UTC: 	 Executing : 
 command : myproxy-info -l choij_CRAB -s myproxy.cern.ch
 output : username: choij_CRAB
owner: /DC=ch/DC=cern/OU=Organic Units/OU=Users/CN=choij/CN=841389/CN=Jin Choi
  renewal policy: /DC=ch/DC=cern/OU=computers/CN=crab-(preprod|prod|dev)-tw(02|01).cern.ch|/DC=ch/DC=cern/OU=computers/CN=(ddi|ddidk|mytw).cern.ch|/DC=ch/DC=cern/OU=computers/CN=stefanov(m|m2).cern.ch
  trusted retrieval policy: /DC=ch/DC=cern/OU=computers/CN=crab-(preprod|prod|dev)-tw(02|01).cern.ch|/DC=ch/DC=cern/OU=computers/CN=(ddi|ddidk|mytw).cern.ch|/DC=ch/DC=cern/OU=computers/CN=stefanov(m|m2).cern.ch
  timeleft: 0:00:00

 error: 
 retcode : 0
DEBUG 2021-09-13 04:20:30.316 UTC: 	 Myproxy is valid: 0
DEBUG 2021-09-13 04:20:30.421 UTC: 	 Executing : 
 command : openssl x509 -noout -in ~/.globus/usercert.pem -dates
 output : notBefore=Oct  6 11:36:08 2020 GMT
notAfter=Nov 10 11:36:08 2021 GMT

 error: 
 retcode : 0
DEBUG 2021-09-13 04:20:30.421 UTC: 	 Delegating a myproxy for 720:00 hours
DEBUG 2021-09-13 04:20:30.422 UTC: 	 using choij_CRAB as credential login name
DEBUG 2021-09-13 04:20:59.978 UTC: 	 Executing : 
 command : export GT_PROXY_MODE=rfc ; myproxy-init -d -n -s myproxy.cern.ch -x -R '/DC=ch/DC=cern/OU=computers/CN=crab-(preprod|prod|dev)-tw(02|01).cern.ch|/DC=ch/DC=cern/OU=computers/CN=(ddi|ddidk|mytw).cern.ch|/DC=ch/DC=cern/OU=computers/CN=stefanov(m|m2).cern.ch' -x -Z '/DC=ch/DC=cern/OU=computers/CN=crab-(preprod|prod|dev)-tw(02|01).cern.ch|/DC=ch/DC=cern/OU=computers/CN=(ddi|ddidk|mytw).cern.ch|/DC=ch/DC=cern/OU=computers/CN=stefanov(m|m2).cern.ch' -l 'choij_CRAB' -t 168:00 -c 720:00
 output : Your identity: /DC=ch/DC=cern/OU=Organic Units/OU=Users/CN=choij/CN=841389/CN=Jin Choi
Creating proxy ...................................................................................... Done
Proxy Verify OK
Your proxy is valid until: Wed Oct 13 13:20:57 2021
A proxy valid for 720 hours (30.0 days) for user choij_CRAB now exists on myproxy.cern.ch.

 error: 
 retcode : 0
DEBUG 2021-09-13 04:20:59.978 UTC: 	 using choij_CRAB as credential login name
DEBUG 2021-09-13 04:21:01.789 UTC: 	 Executing : 
 command : myproxy-info -l choij_CRAB -s myproxy.cern.ch
 output : username: choij_CRAB
owner: /DC=ch/DC=cern/OU=Organic Units/OU=Users/CN=choij/CN=841389/CN=Jin Choi
  renewal policy: /DC=ch/DC=cern/OU=computers/CN=crab-(preprod|prod|dev)-tw(02|01).cern.ch|/DC=ch/DC=cern/OU=computers/CN=(ddi|ddidk|mytw).cern.ch|/DC=ch/DC=cern/OU=computers/CN=stefanov(m|m2).cern.ch
  trusted retrieval policy: /DC=ch/DC=cern/OU=computers/CN=crab-(preprod|prod|dev)-tw(02|01).cern.ch|/DC=ch/DC=cern/OU=computers/CN=(ddi|ddidk|mytw).cern.ch|/DC=ch/DC=cern/OU=computers/CN=stefanov(m|m2).cern.ch
  timeleft: 719:59:56  (30.0 days)

 error: 
 retcode : 0
DEBUG 2021-09-13 04:21:01.790 UTC: 	 My-proxy delegated.
DEBUG 2021-09-13 04:21:01.790 UTC: 	 Result of myproxy credential check:
  Credential exists on myproxy: username: 62145c27448958522230f1583fedca774537a25d  - validity: 29 days, 23:59:56
  Credential exists on myproxy: username: choij_CRAB  - validity: 29 days, 23:59:56
DEBUG 2021-09-13 04:21:01.790 UTC: 	 Command use: submit
DEBUG 2021-09-13 04:21:01.790 UTC: 	 Options use: ['crab_submit_skeleton.py']
DEBUG 2021-09-13 04:21:03.238 UTC: 	 CRABClient version: v3.210825
DEBUG 2021-09-13 04:21:03.238 UTC: 	 Instance is prod
DEBUG 2021-09-13 04:21:03.238 UTC: 	 Server base url is cmsweb.cern.ch
DEBUG 2021-09-13 04:21:03.238 UTC: 	 Command api workflow
DEBUG 2021-09-13 04:21:03.238 UTC: 	 Started submission
DEBUG 2021-09-13 04:21:03.238 UTC: 	 Working on /d0/scratch/choij/VcbProduction/CMSSW_10_2_3/src/Configuration/GenProduction/crab_submit_files/crab_projects/crab_tt012j_Vcb_NLO_CP5_FXFX
DEBUG 2021-09-13 04:21:05.264 UTC: 	 Loading required information from the environment
DEBUG 2021-09-13 04:21:05.265 UTC: 	 Found CMSSW_10_2_3 for slc7_amd64_gcc700 with base /d0/scratch/choij/VcbProduction/CMSSW_10_2_3
DEBUG 2021-09-13 04:21:05.265 UTC: 	 UNIQUE NAME: tarUUID 50e996c6-737c-49d7-aa5b-928093086fa9 
DEBUG 2021-09-13 04:21:05.265 UTC: 	 self.config: from WMCore.Configuration import Configuration
config = Configuration()
config.section_('General')
config.General.transferLogs = True
config.General.transferOutputs = True
config.General.workArea = 'crab_projects'
config.General.requestName = 'tt012j_Vcb_NLO_CP5_FXFX'
config.section_('JobType')
config.JobType.psetName = '../configs/Hadronizer_tt012j_Vcb_NLO_CP5_FXFX_cfg.py'
config.JobType.pluginName = 'PrivateMC'
config.JobType.allowUndistributedCMSSW = True
config.section_('Data')
config.Data.outputDatasetTag = 'RunIIFall18wmLHEGS'
config.Data.publication = False
config.Data.unitsPerJob = 100
config.Data.splitting = 'EventBased'
config.Data.outLFNDirBase = '/store/user/choij/'
config.Data.outputPrimaryDataset = 'tt012j_Vcb_NLO_CP5_FXFX'
config.Data.totalUnits = 50000
config.section_('Site')
config.Site.storageSite = 'T3_KR_KNU'
config.section_('User')
config.section_('Debug')

DEBUG 2021-09-13 04:21:05.265 UTC: 	 self.config.JobType.psetName: ../configs/Hadronizer_tt012j_Vcb_NLO_CP5_FXFX_cfg.py
INFO 2021-09-13 04:21:05.271 UTC: 	 Importing CMSSW configuration ../configs/Hadronizer_tt012j_Vcb_NLO_CP5_FXFX_cfg.py
INFO 2021-09-13 04:21:09.971 UTC: 	 Finished importing CMSSW configuration ../configs/Hadronizer_tt012j_Vcb_NLO_CP5_FXFX_cfg.py
DEBUG 2021-09-13 04:21:09.971 UTC: 	 Writing CMSSW configuration to /d0/scratch/choij/VcbProduction/CMSSW_10_2_3/src/Configuration/GenProduction/crab_submit_files/crab_projects/crab_tt012j_Vcb_NLO_CP5_FXFX/inputs/PSet.py
DEBUG 2021-09-13 04:21:11.898 UTC: 	 The following EDM output files will be collected: ['TOP-RunIIFall18wmLHEGS.root', 'TOP-RunIIFall18wmLHEGS_inLHE.root']
DEBUG 2021-09-13 04:21:11.898 UTC: 	 The following TFile output files will be collected: []
DEBUG 2021-09-13 04:21:11.898 UTC: 	 The following user output files (not listed as PoolOuputModule or TFileService in the CMSSW PSet) will be collected: 
DEBUG 2021-09-13 04:21:11.898 UTC: 	 Loading required information from the environment
DEBUG 2021-09-13 04:21:11.898 UTC: 	 Found CMSSW_10_2_3 for slc7_amd64_gcc700 with base /d0/scratch/choij/VcbProduction/CMSSW_10_2_3
DEBUG 2021-09-13 04:21:11.898 UTC: 	 Making tarball in /d0/scratch/choij/VcbProduction/CMSSW_10_2_3/src/Configuration/GenProduction/crab_submit_files/crab_projects/crab_tt012j_Vcb_NLO_CP5_FXFX/inputs/50e996c6-737c-49d7-aa5b-928093086fa9default.tgz
DEBUG 2021-09-13 04:21:11.911 UTC: 	 Checking directory /d0/scratch/choij/VcbProduction/CMSSW_10_2_3/lib
DEBUG 2021-09-13 04:21:11.911 UTC: 	 Adding directory /d0/scratch/choij/VcbProduction/CMSSW_10_2_3/lib to tarball
DEBUG 2021-09-13 04:21:12.981 UTC: 	 Checking directory /d0/scratch/choij/VcbProduction/CMSSW_10_2_3/biglib
DEBUG 2021-09-13 04:21:12.982 UTC: 	 Adding directory /d0/scratch/choij/VcbProduction/CMSSW_10_2_3/biglib to tarball
DEBUG 2021-09-13 04:21:13.106 UTC: 	 Checking directory /d0/scratch/choij/VcbProduction/CMSSW_10_2_3/module
DEBUG 2021-09-13 04:21:17.929 UTC: 	 Adding data directory /d0/scratch/choij/VcbProduction/CMSSW_10_2_3/src/GeneratorInterface/LHEInterface/data to tarball
DEBUG 2021-09-13 04:21:18.433 UTC: 	 Adding data directory /d0/scratch/choij/VcbProduction/CMSSW_10_2_3/src/GeneratorInterface/LHEInterface/interface to tarball
DEBUG 2021-09-13 04:21:19.587 UTC: 	 Uploading archive /d0/scratch/choij/VcbProduction/CMSSW_10_2_3/src/Configuration/GenProduction/crab_submit_files/crab_projects/crab_tt012j_Vcb_NLO_CP5_FXFX/inputs/50e996c6-737c-49d7-aa5b-928093086fa9default.tgz (407 KB) to the CRAB cache. Using URI https://cmsweb.cern.ch/S3/crabcache_prod
DEBUG 2021-09-13 04:21:21.528 UTC: 	 Will execute:
curl -f -v -X POST  -H "User-Agent: CRAB" -F "key=choij/sandboxes/8b06b0928a4f7495dbdda31dfaa7ceba30223abd283f2cbcc38edc3bf5145c0b.tar.gz" -F "AWSAccessKeyId=ab00fcc889f248c495d2875f15a3badb" -F "policy=eyJjb25kaXRpb25zIjogW3siYnVja2V0IjogImNyYWJjYWNoZV9wcm9kIn0sIHsia2V5IjogImNob2lqL3NhbmRib3hlcy84YjA2YjA5MjhhNGY3NDk1ZGJkZGEzMWRmYWE3Y2ViYTMwMjIzYWJkMjgzZjJjYmNjMzhlZGMzYmY1MTQ1YzBiLnRhci5neiJ9XSwgImV4cGlyYXRpb24iOiAiMjAyMS0wOS0xM1QwNToyMToyMVoifQ==" -F "signature=QGwSEZ+eymnpSHASiNl/maGwkcA=" -F "file=@/d0/scratch/choij/VcbProduction/CMSSW_10_2_3/src/Configuration/GenProduction/crab_submit_files/crab_projects/crab_tt012j_Vcb_NLO_CP5_FXFX/inputs/50e996c6-737c-49d7-aa5b-928093086fa9default.tgz" "https://s3.cern.ch/crabcache_prod"
DEBUG 2021-09-13 04:21:26.507 UTC: 	 exitcode: 0
stdout: 
stderr: Note: Unnecessary use of -X or --request, POST is already inferred.
  % Total    % Received % Xferd  Average Speed   Time    Time     Time  Current
                                 Dload  Upload   Total   Spent    Left  Speed
  0     0    0     0    0     0      0      0 --:--:-- --:--:-- --:--:--     0  0     0    0     0    0     0      0      0 --:--:-- --:--:-- --:--:--     0*   Trying 137.138.33.10...
* TCP_NODELAY set
  0     0    0     0    0     0      0      0 --:--:--  0:00:01 --:--:--     0*   Trying 2001:1458:d00:3f::100:2d9...
* TCP_NODELAY set
* Immediate connect fail for 2001:1458:d00:3f::100:2d9: Network is unreachable
*   Trying 2001:1458:d00:13::1e5...
* TCP_NODELAY set
* Immediate connect fail for 2001:1458:d00:13::1e5: Network is unreachable
*   Trying 2001:1458:d00:18::390...
* TCP_NODELAY set
* Immediate connect fail for 2001:1458:d00:18::390: Network is unreachable
*   Trying 2001:1458:d00:3f::100:2bd...
* TCP_NODELAY set
* Immediate connect fail for 2001:1458:d00:3f::100:2bd: Network is unreachable
*   Trying 2001:1458:d00:12::3e0...
* TCP_NODELAY set
* Immediate connect fail for 2001:1458:d00:12::3e0: Network is unreachable
*   Trying 2001:1458:d00:4e::100:5d...
* TCP_NODELAY set
* Immediate connect fail for 2001:1458:d00:4e::100:5d: Network is unreachable
*   Trying 2001:1458:d00:18::1ee...
* TCP_NODELAY set
* Immediate connect fail for 2001:1458:d00:18::1ee: Network is unreachable
*   Trying 2001:1458:d00:1a::24b...
* TCP_NODELAY set
* Immediate connect fail for 2001:1458:d00:1a::24b: Network is unreachable
*   Trying 2001:1458:d00:14::341...
* TCP_NODELAY set
* Immediate connect fail for 2001:1458:d00:14::341: Network is unreachable
*   Trying 2001:1458:d00:4e::100:4ae...
* TCP_NODELAY set
* Immediate connect fail for 2001:1458:d00:4e::100:4ae: Network is unreachable
* Connected to s3.cern.ch (137.138.33.10) port 443 (#0)
* ALPN, offering http/1.1
* Cipher selection: ALL:!EXPORT:!EXPORT40:!EXPORT56:!aNULL:!LOW:!RC4:@STRENGTH
* successfully set certificate verify locations:
  CAfile: /etc/pki/tls/certs/ca-bundle.crt
  CApath: none
* TLSv1.2 (OUT), TLS header, Certificate Status (22):
} [5 bytes data]
* TLSv1.2 (OUT), TLS handshake, Client hello (1):
} [512 bytes data]
* TLSv1.2 (IN), TLS handshake, Server hello (2):
{ [70 bytes data]
* TLSv1.2 (IN), TLS handshake, Certificate (11):
{ [4780 bytes data]
* TLSv1.2 (IN), TLS handshake, Server key exchange (12):
{ [333 bytes data]
* TLSv1.2 (IN), TLS handshake, Server finished (14):
{ [4 bytes data]
* TLSv1.2 (OUT), TLS handshake, Client key exchange (16):
} [70 bytes data]
* TLSv1.2 (OUT), TLS change cipher, Client hello (1):
} [1 bytes data]
* TLSv1.2 (OUT), TLS handshake, Finished (20):
} [16 bytes data]
* TLSv1.2 (IN), TLS change cipher, Client hello (1):
{ [1 bytes data]
* TLSv1.2 (IN), TLS handshake, Finished (20):
{ [16 bytes data]
* SSL connection using TLSv1.2 / ECDHE-RSA-AES128-GCM-SHA256
* ALPN, server accepted to use http/1.1
* Server certificate:
*  subject: C=CH; ST=Genève; L=Meyrin; O=Organisation européenne pour la Recherche nucléaire (CERN); CN=*.s3.cern.ch
*  start date: Mar 10 00:00:00 2021 GMT
*  expire date: Mar 10 23:59:59 2022 GMT
*  subjectAltName: host "s3.cern.ch" matched cert's "s3.cern.ch"
*  issuer: C=GB; ST=Greater Manchester; L=Salford; O=Sectigo Limited; CN=Sectigo RSA Organization Validation Secure Server CA
*  SSL certificate verify ok.
  0     0    0     0    0     0      0      0 --:--:--  0:00:02 --:--:--     0} [5 bytes data]
> POST /crabcache_prod HTTP/1.1
> Host: s3.cern.ch
> Accept: */*
> User-Agent: CRAB
> Content-Length: 417911
> Content-Type: multipart/form-data; boundary=------------------------178f8dcd823d9f23
> Expect: 100-continue
> 
* Done waiting for 100-continue
  0  408k    0     0    0     0      0      0 --:--:--  0:00:03 --:--:--     0} [5 bytes data]
< HTTP/1.1 100 Continue
} [5 bytes data]
 78  408k    0     0   78  320k      0  73470  0:00:05  0:00:04  0:00:01 73470< HTTP/1.1 204 No Content
< Accept-Ranges: bytes
< Bucket: crabcache_prod
< Date: Mon, 13 Sep 2021 04:21:26 GMT
< X-Amz-Request-Id: tx00000000000000e8b6cd0-00613ed1c4-1e049818-default
< 
100  408k    0     0  100  408k      0  85270  0:00:04  0:00:04 --:--:-- 95174
* Connection #0 to host s3.cern.ch left intact

DEBUG 2021-09-13 04:21:26.507 UTC: 	 sandbox /d0/scratch/choij/VcbProduction/CMSSW_10_2_3/src/Configuration/GenProduction/crab_submit_files/crab_projects/crab_tt012j_Vcb_NLO_CP5_FXFX/inputs/50e996c6-737c-49d7-aa5b-928093086fa9default.tgz successully uploaded to S3
DEBUG 2021-09-13 04:21:26.507 UTC: 	 Loading required information from the environment
DEBUG 2021-09-13 04:21:26.507 UTC: 	 Found CMSSW_10_2_3 for slc7_amd64_gcc700 with base /d0/scratch/choij/VcbProduction/CMSSW_10_2_3
DEBUG 2021-09-13 04:21:26.507 UTC: 	 Making tarball in /d0/scratch/choij/VcbProduction/CMSSW_10_2_3/src/Configuration/GenProduction/crab_submit_files/crab_projects/crab_tt012j_Vcb_NLO_CP5_FXFX/inputs/debugFiles.tgz
DEBUG 2021-09-13 04:21:26.604 UTC: 	 Uploading archive /d0/scratch/choij/VcbProduction/CMSSW_10_2_3/src/Configuration/GenProduction/crab_submit_files/crab_projects/crab_tt012j_Vcb_NLO_CP5_FXFX/inputs/debugFiles.tgz (3 KB) to the CRAB cache. Using URI https://cmsweb.cern.ch/S3/crabcache_prod
DEBUG 2021-09-13 04:21:28.055 UTC: 	 Will execute:
curl -f -v -X POST  -H "User-Agent: CRAB" -F "key=choij/sandboxes/b957d22bf6170b4c01a9bb9caed80144b82c13ed07423d1890c45ce4d5eb9f5d.tar.gz" -F "AWSAccessKeyId=ab00fcc889f248c495d2875f15a3badb" -F "policy=eyJjb25kaXRpb25zIjogW3siYnVja2V0IjogImNyYWJjYWNoZV9wcm9kIn0sIHsia2V5IjogImNob2lqL3NhbmRib3hlcy9iOTU3ZDIyYmY2MTcwYjRjMDFhOWJiOWNhZWQ4MDE0NGI4MmMxM2VkMDc0MjNkMTg5MGM0NWNlNGQ1ZWI5ZjVkLnRhci5neiJ9XSwgImV4cGlyYXRpb24iOiAiMjAyMS0wOS0xM1QwNToyMToyN1oifQ==" -F "signature=n/V2pKpTbmuGiUyAtSXLUau8ecU=" -F "file=@/d0/scratch/choij/VcbProduction/CMSSW_10_2_3/src/Configuration/GenProduction/crab_submit_files/crab_projects/crab_tt012j_Vcb_NLO_CP5_FXFX/inputs/debugFiles.tgz" "https://s3.cern.ch/crabcache_prod"
DEBUG 2021-09-13 04:21:30.368 UTC: 	 exitcode: 0
stdout: 
stderr: Note: Unnecessary use of -X or --request, POST is already inferred.
  % Total    % Received % Xferd  Average Speed   Time    Time     Time  Current
                                 Dload  Upload   Total   Spent    Left  Speed
  0     0    0     0    0     0      0      0 --:--:-- --:--:-- --:--:--     0*   Trying 137.138.33.10...
* TCP_NODELAY set
*   Trying 2001:1458:d00:3f::100:2d9...
* TCP_NODELAY set
* Immediate connect fail for 2001:1458:d00:3f::100:2d9: Network is unreachable
*   Trying 2001:1458:d00:13::1e5...
* TCP_NODELAY set
* Immediate connect fail for 2001:1458:d00:13::1e5: Network is unreachable
*   Trying 2001:1458:d00:18::390...
* TCP_NODELAY set
* Immediate connect fail for 2001:1458:d00:18::390: Network is unreachable
*   Trying 2001:1458:d00:3f::100:2bd...
* TCP_NODELAY set
* Immediate connect fail for 2001:1458:d00:3f::100:2bd: Network is unreachable
*   Trying 2001:1458:d00:12::3e0...
* TCP_NODELAY set
* Immediate connect fail for 2001:1458:d00:12::3e0: Network is unreachable
*   Trying 2001:1458:d00:4e::100:5d...
* TCP_NODELAY set
* Immediate connect fail for 2001:1458:d00:4e::100:5d: Network is unreachable
*   Trying 2001:1458:d00:18::1ee...
* TCP_NODELAY set
* Immediate connect fail for 2001:1458:d00:18::1ee: Network is unreachable
*   Trying 2001:1458:d00:1a::24b...
* TCP_NODELAY set
* Immediate connect fail for 2001:1458:d00:1a::24b: Network is unreachable
*   Trying 2001:1458:d00:14::341...
* TCP_NODELAY set
* Immediate connect fail for 2001:1458:d00:14::341: Network is unreachable
*   Trying 2001:1458:d00:4e::100:4ae...
* TCP_NODELAY set
* Immediate connect fail for 2001:1458:d00:4e::100:4ae: Network is unreachable
* Connected to s3.cern.ch (137.138.33.10) port 443 (#0)
* ALPN, offering http/1.1
* Cipher selection: ALL:!EXPORT:!EXPORT40:!EXPORT56:!aNULL:!LOW:!RC4:@STRENGTH
* successfully set certificate verify locations:
  CAfile: /etc/pki/tls/certs/ca-bundle.crt
  CApath: none
* TLSv1.2 (OUT), TLS header, Certificate Status (22):
} [5 bytes data]
* TLSv1.2 (OUT), TLS handshake, Client hello (1):
} [512 bytes data]
* TLSv1.2 (IN), TLS handshake, Server hello (2):
{ [70 bytes data]
* TLSv1.2 (IN), TLS handshake, Certificate (11):
{ [4780 bytes data]
* TLSv1.2 (IN), TLS handshake, Server key exchange (12):
{ [333 bytes data]
* TLSv1.2 (IN), TLS handshake, Server finished (14):
{ [4 bytes data]
* TLSv1.2 (OUT), TLS handshake, Client key exchange (16):
} [70 bytes data]
* TLSv1.2 (OUT), TLS change cipher, Client hello (1):
} [1 bytes data]
* TLSv1.2 (OUT), TLS handshake, Finished (20):
} [16 bytes data]
* TLSv1.2 (IN), TLS change cipher, Client hello (1):
{ [1 bytes data]
* TLSv1.2 (IN), TLS handshake, Finished (20):
{ [16 bytes data]
* SSL connection using TLSv1.2 / ECDHE-RSA-AES128-GCM-SHA256
* ALPN, server accepted to use http/1.1
* Server certificate:
*  subject: C=CH; ST=Genève; L=Meyrin; O=Organisation européenne pour la Recherche nucléaire (CERN); CN=*.s3.cern.ch
*  start date: Mar 10 00:00:00 2021 GMT
*  expire date: Mar 10 23:59:59 2022 GMT
*  subjectAltName: host "s3.cern.ch" matched cert's "s3.cern.ch"
*  issuer: C=GB; ST=Greater Manchester; L=Salford; O=Sectigo Limited; CN=Sectigo RSA Organization Validation Secure Server CA
*  SSL certificate verify ok.
  0     0    0     0    0     0      0      0 --:--:-- --:--:-- --:--:--     0} [5 bytes data]
> POST /crabcache_prod HTTP/1.1
> Host: s3.cern.ch
> Accept: */*
> User-Agent: CRAB
> Content-Length: 4479
> Content-Type: multipart/form-data; boundary=------------------------aecd42b834948d81
> Expect: 100-continue
> 
* Done waiting for 100-continue
  0  4479    0     0    0     0      0      0 --:--:--  0:00:01 --:--:--     0} [5 bytes data]
< HTTP/1.1 100 Continue
{ [5 bytes data]
< HTTP/1.1 204 No Content
< Accept-Ranges: bytes
< Bucket: crabcache_prod
< Date: Mon, 13 Sep 2021 04:21:30 GMT
< X-Amz-Request-Id: tx00000000000000bb1b7c6-00613ed1c9-1e8ac45f-default
< 
100  4479    0     0  100  4479      0   1978  0:00:02  0:00:02 --:--:--  1979
* Connection #0 to host s3.cern.ch left intact

DEBUG 2021-09-13 04:21:30.368 UTC: 	 sandbox /d0/scratch/choij/VcbProduction/CMSSW_10_2_3/src/Configuration/GenProduction/crab_submit_files/crab_projects/crab_tt012j_Vcb_NLO_CP5_FXFX/inputs/debugFiles.tgz successully uploaded to S3
DEBUG 2021-09-13 04:21:30.369 UTC: 	 Result uploading input files: 8b06b0928a4f7495dbdda31dfaa7ceba30223abd283f2cbcc38edc3bf5145c0b.tar.gz 
INFO 2021-09-13 04:21:30.369 UTC: 	 Sending the request to the server at cmsweb.cern.ch
DEBUG 2021-09-13 04:21:30.369 UTC: 	 Submitting {'maxjobruntime': 1250, 'extrajdl': [], 'ignorelocality': 0, 'savelogsflag': 1, 'useparent': 0, 'asyncdest': 'T3_KR_KNU', 'algoargs': 100, 'cachefilename': '8b06b0928a4f7495dbdda31dfaa7ceba30223abd283f2cbcc38edc3bf5145c0b.tar.gz', 'numcores': 1, 'addoutputfiles': [], 'generator': 'pythia', 'maxmemory': 2000, 'publishdbsurl': 'https://cmsweb.cern.ch/dbs/prod/phys03/DBSWriter', 'priority': 10, 'jobsw': 'CMSSW_10_2_3', 'edmoutfiles': ['TOP-RunIIFall18wmLHEGS.root', 'TOP-RunIIFall18wmLHEGS_inLHE.root'], 'userfiles': [], 'primarydataset': 'tt012j_Vcb_NLO_CP5_FXFX', 'inputdata': '', 'lfn': '/store/user/choij/', 'dryrun': 0, 'workflow': 'crab_tt012j_Vcb_NLO_CP5_FXFX', 'cacheurl': u'https://cmsweb.cern.ch/S3/crabcache_prod', 'nonprodsw': 1, 'tfileoutfiles': [], 'oneEventMode': 0, 'debugfilename': 'b957d22bf6170b4c01a9bb9caed80144b82c13ed07423d1890c45ce4d5eb9f5d.tar.gz', 'saveoutput': 1, 'publication': 0, 'jobarch': 'slc7_amd64_gcc700', 'totalunits': 50000, 'splitalgo': 'EventBased', 'ignoreglobalblacklist': 0, 'nonvaliddata': 0, 'dbsurl': 'https://cmsweb.cern.ch/dbs/prod/global/DBSReader', 'publishgroupname': 0, 'jobtype': 'PrivateMC', 'publishname2': 'RunIIFall18wmLHEGS'} 
DEBUG 2021-09-13 04:21:30.370 UTC: 	 Encoded submit request: maxjobruntime=1250&ignorelocality=0&savelogsflag=1&useparent=0&asyncdest=T3_KR_KNU&algoargs=100&cachefilename=8b06b0928a4f7495dbdda31dfaa7ceba30223abd283f2cbcc38edc3bf5145c0b.tar.gz&numcores=1&generator=pythia&maxmemory=2000&publishdbsurl=https%3A%2F%2Fcmsweb.cern.ch%2Fdbs%2Fprod%2Fphys03%2FDBSWriter&priority=10&jobsw=CMSSW_10_2_3&primarydataset=tt012j_Vcb_NLO_CP5_FXFX&inputdata=&lfn=%2Fstore%2Fuser%2Fchoij%2F&dryrun=0&workflow=crab_tt012j_Vcb_NLO_CP5_FXFX&cacheurl=https%3A%2F%2Fcmsweb.cern.ch%2FS3%2Fcrabcache_prod&nonprodsw=1&oneEventMode=0&debugfilename=b957d22bf6170b4c01a9bb9caed80144b82c13ed07423d1890c45ce4d5eb9f5d.tar.gz&saveoutput=1&publication=0&jobarch=slc7_amd64_gcc700&totalunits=50000&splitalgo=EventBased&ignoreglobalblacklist=0&nonvaliddata=0&dbsurl=https%3A%2F%2Fcmsweb.cern.ch%2Fdbs%2Fprod%2Fglobal%2FDBSReader&publishgroupname=0&jobtype=PrivateMC&publishname2=RunIIFall18wmLHEGS&edmoutfiles=TOP-RunIIFall18wmLHEGS.root&edmoutfiles=TOP-RunIIFall18wmLHEGS_inLHE.root
DEBUG 2021-09-13 04:21:32.178 UTC: 	 Result: {u'result': [{u'RequestName': u'210913_042131:choij_crab_tt012j_Vcb_NLO_CP5_FXFX'}]}
INFO 2021-09-13 04:21:32.192 UTC: 	 Success: Your task has been delivered to the prod CRAB3 server.
INFO 2021-09-13 04:21:32.193 UTC: 	 Task name: 210913_042131:choij_crab_tt012j_Vcb_NLO_CP5_FXFX
INFO 2021-09-13 04:21:32.193 UTC: 	 Project dir: crab_projects/crab_tt012j_Vcb_NLO_CP5_FXFX
INFO 2021-09-13 04:21:32.193 UTC: 	 Please use ' crab status -d crab_projects/crab_tt012j_Vcb_NLO_CP5_FXFX ' to check how the submission process proceeds.
DEBUG 2021-09-13 04:21:32.193 UTC: 	 About to return
INFO 2021-09-13 04:21:32.206 UTC: 	 Log file is /d0/scratch/choij/VcbProduction/CMSSW_10_2_3/src/Configuration/GenProduction/crab_submit_files/crab_projects/crab_tt012j_Vcb_NLO_CP5_FXFX/crab.log
DEBUG 2021-09-13 04:21:47.463 UTC: 	 CRAB Client version: v3.210825
DEBUG 2021-09-13 04:21:47.463 UTC: 	 Running on: Linux cms.knu.ac.kr 3.10.0-1160.36.2.el7.x86_64 #1 SMP Wed Jul 21 11:57:15 UTC 2021 x86_64 x86_64 x86_64 GNU/Linux - CentOS Linux 7 (Core)
DEBUG 2021-09-13 04:21:47.463 UTC: 	 Executing command: 'status'
DEBUG 2021-09-13 04:21:47.469 UTC: 	 Found CRAB cache file /u/user/choij/.crab3
DEBUG 2021-09-13 04:21:47.557 UTC: 	 Checking credentials
DEBUG 2021-09-13 04:21:47.557 UTC: 	 Found proxy file /tmp/x509up_u41148
DEBUG 2021-09-13 04:21:47.558 UTC: 	 Getting proxy life time left
DEBUG 2021-09-13 04:21:47.761 UTC: 	 Executing : 
 command : voms-proxy-info -file /tmp/x509up_u41148 -timeleft
 output : 604292

 error: 
 retcode : 0
DEBUG 2021-09-13 04:21:47.965 UTC: 	 Executing : 
 command : voms-proxy-info -file /tmp/x509up_u41148 -actimeleft
 output : 604292

 error: 
 retcode : 0
DEBUG 2021-09-13 04:21:47.966 UTC: 	 Proxy valid for 167:51:32 hours
DEBUG 2021-09-13 04:21:49.408 UTC: 	 Registering user credentials for server /DC=ch/DC=cern/OU=computers/CN=crab-(preprod|prod|dev)-tw(02|01).cern.ch|/DC=ch/DC=cern/OU=computers/CN=(ddi|ddidk|mytw).cern.ch|/DC=ch/DC=cern/OU=computers/CN=stefanov(m|m2).cern.ch
DEBUG 2021-09-13 04:21:49.519 UTC: 	 Executing : 
 command : voms-proxy-info -file /tmp/x509up_u41148 -identity
 output : /DC=ch/DC=cern/OU=Organic Units/OU=Users/CN=choij/CN=841389/CN=Jin Choi

 error: 
 retcode : 0
DEBUG 2021-09-13 04:21:49.527 UTC: 	 Getting myproxy life time left for myproxy.cern.ch
DEBUG 2021-09-13 04:21:49.527 UTC: 	 using 62145c27448958522230f1583fedca774537a25d as credential login name
DEBUG 2021-09-13 04:21:51.333 UTC: 	 Executing : 
 command : myproxy-info -l 62145c27448958522230f1583fedca774537a25d -s myproxy.cern.ch
 output : username: 62145c27448958522230f1583fedca774537a25d
owner: /DC=ch/DC=cern/OU=Organic Units/OU=Users/CN=choij/CN=841389/CN=Jin Choi
  renewal policy: /DC=ch/DC=cern/OU=computers/CN=crab-(preprod|prod|dev)-tw(02|01).cern.ch|/DC=ch/DC=cern/OU=computers/CN=(ddi|ddidk|mytw).cern.ch|/DC=ch/DC=cern/OU=computers/CN=stefanov(m|m2).cern.ch
  trusted retrieval policy: /DC=ch/DC=cern/OU=computers/CN=crab-(preprod|prod|dev)-tw(02|01).cern.ch|/DC=ch/DC=cern/OU=computers/CN=(ddi|ddidk|mytw).cern.ch|/DC=ch/DC=cern/OU=computers/CN=stefanov(m|m2).cern.ch
  timeleft: 719:58:15  (30.0 days)

 error: 
 retcode : 0
DEBUG 2021-09-13 04:21:51.334 UTC: 	 Myproxy is valid: 2591895
DEBUG 2021-09-13 04:21:51.335 UTC: 	 Retrieving username ...
DEBUG 2021-09-13 04:21:51.335 UTC: 	 Retrieving username from CRIC...
DEBUG 2021-09-13 04:21:53.616 UTC: 	 username is choij
DEBUG 2021-09-13 04:21:53.624 UTC: 	 Getting myproxy life time left for myproxy.cern.ch
DEBUG 2021-09-13 04:21:53.624 UTC: 	 using choij_CRAB as credential login name
DEBUG 2021-09-13 04:21:55.331 UTC: 	 Executing : 
 command : myproxy-info -l choij_CRAB -s myproxy.cern.ch
 output : username: choij_CRAB
owner: /DC=ch/DC=cern/OU=Organic Units/OU=Users/CN=choij/CN=841389/CN=Jin Choi
  renewal policy: /DC=ch/DC=cern/OU=computers/CN=crab-(preprod|prod|dev)-tw(02|01).cern.ch|/DC=ch/DC=cern/OU=computers/CN=(ddi|ddidk|mytw).cern.ch|/DC=ch/DC=cern/OU=computers/CN=stefanov(m|m2).cern.ch
  trusted retrieval policy: /DC=ch/DC=cern/OU=computers/CN=crab-(preprod|prod|dev)-tw(02|01).cern.ch|/DC=ch/DC=cern/OU=computers/CN=(ddi|ddidk|mytw).cern.ch|/DC=ch/DC=cern/OU=computers/CN=stefanov(m|m2).cern.ch
  timeleft: 719:59:02  (30.0 days)

 error: 
 retcode : 0
DEBUG 2021-09-13 04:21:55.332 UTC: 	 Myproxy is valid: 2591942
DEBUG 2021-09-13 04:21:55.332 UTC: 	 Result of myproxy credential check:
  Credential exists on myproxy: username: 62145c27448958522230f1583fedca774537a25d  - validity: 29 days, 23:58:15
  Credential exists on myproxy: username: choij_CRAB  - validity: 29 days, 23:59:02
DEBUG 2021-09-13 04:21:55.365 UTC: 	 Command use: status
DEBUG 2021-09-13 04:21:55.365 UTC: 	 Options use: []
DEBUG 2021-09-13 04:21:56.788 UTC: 	 CRABClient version: v3.210825
DEBUG 2021-09-13 04:21:56.788 UTC: 	 Instance is prod
DEBUG 2021-09-13 04:21:56.788 UTC: 	 Server base url is cmsweb.cern.ch
DEBUG 2021-09-13 04:21:56.788 UTC: 	 Command api workflow
DEBUG 2021-09-13 04:21:58.293 UTC: 	 Got information from server oracle database: {u'result': [u'210913_042131:choij_crab_tt012j_Vcb_NLO_CP5_FXFX', u'None', u'None', u'NEW', u'SUBMIT', u'2021-09-13 04:21:32.043782', u'None', u'None', u'None', u'CMSSW_10_2_3', u'slc7_amd64_gcc700', u'None', u'F', u'0', u'[]', u'[]', u'EventBased', u"{'splitOnRun': False, 'events_per_job': 100, 'halt_job_on_file_boundaries': False, 'runs': [], 'lumis': []}", u'8b06b0928a4f7495dbdda31dfaa7ceba30223abd283f2cbcc38edc3bf5145c0b.tar.gz', u'https://cmsweb.cern.ch/S3/crabcache_prod', u'choij', u'/DC=ch/DC=cern/OU=Organic Units/OU=Users/CN=choij/CN=841389/CN=Jin Choi', u'cms', u'None', u'None', u'RunIIFall18wmLHEGS-00000000000000000000000000000000', u'F', u'T3_KR_KNU', u'https://cmsweb.cern.ch/dbs/prod/global/DBSReader', u'https://cmsweb.cern.ch/dbs/prod/phys03/DBSWriter', u'F', u'[]', u'[]', u"[b'TOP-RunIIFall18wmLHEGS.root', b'TOP-RunIIFall18wmLHEGS_inLHE.root']", u'PrivateMC', u'pythia', u'None', u'{}', u'[]', u'T', u'None', u'[]', u'1250', u'1', u'2000', u'10', u'None', u'[]', u'None', u'None', u'[]', u'[]', u'https://cmsweb.cern.ch/crabserver/prod', u'cmsgwms-collector-global.cern.ch:9620,cmsgwms-collector-global.fnal.gov:9620', u'None', u'F', u'[]', u'T', u'/store/user/choij/', u'F', u'None', u'F', u'None', u'tt012j_Vcb_NLO_CP5_FXFX', u'None', u'b957d22bf6170b4c01a9bb9caed80144b82c13ed07423d1890c45ce4d5eb9f5d.tar.gz', u'None', u'filetransfers', u'F', u'188.185.120.166', u'50000.0', u'None'], u'desc': {u'columns': [u'tm_taskname', u'tm_activity', u'panda_jobset_id', u'tm_task_status', u'tm_task_command', u'tm_start_time', u'tm_start_injection', u'tm_end_injection', u'tm_task_failure', u'tm_job_sw', u'tm_job_arch', u'tm_input_dataset', u'tm_nonvalid_input_dataset', u'tm_use_parent', u'tm_site_whitelist', u'tm_site_blacklist', u'tm_split_algo', u'tm_split_args', u'tm_user_sandbox', u'tm_cache_url', u'tm_username', u'tm_user_dn', u'tm_user_vo', u'tm_user_role', u'tm_user_group', u'tm_publish_name', u'tm_publish_groupname', u'tm_asyncdest', u'tm_dbs_url', u'tm_publish_dbs_url', u'tm_publication', u'tm_outfiles', u'tm_tfile_outfiles', u'tm_edm_outfiles', u'tm_job_type', u'tm_generator', u'tm_events_per_lumi', u'tm_arguments', u'panda_resubmitted_jobs', u'tm_save_logs', u'tw_name', u'tm_user_infiles', u'tm_maxjobruntime', u'tm_numcores', u'tm_maxmemory', u'tm_priority', u'tm_output_dataset', u'tm_task_warnings', u'tm_user_webdir', u'tm_scriptexe', u'tm_scriptargs', u'tm_extrajdl', u'tm_asourl', u'tm_collector', u'tm_schedd', u'tm_dry_run', u'tm_user_files', u'tm_transfer_outputs', u'tm_output_lfn', u'tm_ignore_locality', u'tm_fail_limit', u'tm_one_event_mode', u'tm_secondary_input_dataset', u'tm_primary_dataset', u'tm_last_publication', u'tm_debug_files', u'clusterid', u'tm_asodb', u'tm_ignore_global_blacklist', u'tm_submitter_ip_addr', u'tm_totalunits', u'tm_ddm_reqid']}}
INFO 2021-09-13 04:21:58.294 UTC: 	 CRAB project directory:		/d0/scratch/choij/VcbProduction/CMSSW_10_2_3/src/Configuration/GenProduction/crab_submit_files/crab_projects/crab_tt012j_Vcb_NLO_CP5_FXFX
INFO 2021-09-13 04:21:58.294 UTC: 	 Task name:			210913_042131:choij_crab_tt012j_Vcb_NLO_CP5_FXFX
INFO 2021-09-13 04:21:58.294 UTC: 	 Grid scheduler - Task Worker:	N/A yet - N/A yet
INFO 2021-09-13 04:21:58.295 UTC: 	 Status on the CRAB server:	NEW on command SUBMIT
INFO 2021-09-13 04:21:58.295 UTC: 	 Task URL to use for HELP:	https://cmsweb.cern.ch/crabserver/ui/task/210913_042131%3Achoij_crab_tt012j_Vcb_NLO_CP5_FXFX
INFO 2021-09-13 04:21:58.319 UTC: 	 Dashboard monitoring URL:	https://monit-grafana.cern.ch/d/cmsTMDetail/cms-task-monitoring-task-view?orgId=11&var-user=choij&var-task=210913_042131%3Achoij_crab_tt012j_Vcb_NLO_CP5_FXFX&from=1631503292000&to=now
DEBUG 2021-09-13 04:21:58.319 UTC: 	 The task has not been submitted to the Grid scheduler yet. Not printing job information.
INFO 2021-09-13 04:21:58.323 UTC: 	 Log file is /d0/scratch/choij/VcbProduction/CMSSW_10_2_3/src/Configuration/GenProduction/crab_submit_files/crab_projects/crab_tt012j_Vcb_NLO_CP5_FXFX/crab.log
